{
  "RSpec": {
    "coverage": {
      "/Users/andrewspeth/turing/1module/projects/night_writer/spec/night_writer_spec.rb": {
        "lines": [
          1,
          null,
          1,
          1,
          1,
          3,
          3,
          3,
          null,
          null,
          1,
          1,
          null,
          null,
          1,
          1,
          null,
          null,
          1,
          1,
          null,
          null,
          null,
          1,
          1,
          1,
          1,
          1,
          1,
          null,
          null,
          1,
          1,
          1,
          1,
          1,
          null,
          null,
          1,
          1,
          1,
          1,
          null,
          null,
          1,
          1,
          1,
          1,
          1,
          null,
          null,
          null
        ]
      },
      "/Users/andrewspeth/turing/1module/projects/night_writer/lib/writer.rb": {
        "lines": [
          1,
          null,
          1,
          null
        ]
      },
      "/Users/andrewspeth/turing/1module/projects/night_writer/lib/night_object.rb": {
        "lines": [
          1,
          null,
          1,
          1,
          1,
          null,
          1,
          20,
          20,
          null,
          null,
          1,
          2,
          null,
          null,
          1,
          2,
          2,
          null,
          null,
          1,
          8,
          null,
          null
        ]
      },
      "/Users/andrewspeth/turing/1module/projects/night_writer/lib/dictionary.rb": {
        "lines": [
          1,
          null,
          1,
          1,
          null,
          8,
          null,
          8,
          8,
          8,
          24,
          24,
          288,
          54,
          null,
          null,
          8,
          8,
          8,
          8,
          10,
          10,
          null,
          8,
          null,
          null,
          1,
          3,
          3,
          null,
          3,
          3,
          3,
          3,
          5,
          5,
          19,
          null,
          null,
          5,
          1,
          1,
          1,
          null,
          4,
          4,
          null,
          null,
          3,
          null,
          null
        ]
      },
      "/Users/andrewspeth/turing/1module/projects/night_writer/lib/alphabet.rb": {
        "lines": [
          1,
          1,
          1,
          13,
          null,
          null,
          null,
          null,
          null,
          null,
          null,
          null,
          null,
          null,
          null,
          null,
          null,
          null,
          null,
          null,
          null,
          null,
          null,
          null,
          null,
          null,
          null,
          null,
          null,
          null,
          null,
          null,
          null
        ]
      },
      "/Users/andrewspeth/turing/1module/projects/night_writer/spec/night_reader_spec.rb": {
        "lines": [
          1,
          null,
          1,
          1,
          1,
          3,
          3,
          3,
          null,
          null,
          1,
          1,
          null,
          null,
          1,
          1,
          null,
          null,
          1,
          1,
          null,
          null,
          null,
          1,
          1,
          1,
          1,
          1,
          1,
          null,
          null,
          1,
          1,
          1,
          1,
          1,
          null,
          null,
          1,
          1,
          1,
          1,
          1,
          null,
          null,
          null
        ]
      },
      "/Users/andrewspeth/turing/1module/projects/night_writer/lib/reader.rb": {
        "lines": [
          1,
          null,
          1,
          1,
          1,
          null,
          null,
          1,
          3,
          null,
          null
        ]
      },
      "/Users/andrewspeth/turing/1module/projects/night_writer/spec/night_object_spec.rb": {
        "lines": [
          1,
          null,
          1,
          1,
          1,
          3,
          3,
          3,
          null,
          null,
          1,
          1,
          null,
          null,
          1,
          1,
          null,
          null,
          1,
          1,
          null,
          null,
          null,
          1,
          1,
          1,
          1,
          1,
          1,
          null,
          null,
          1,
          1,
          1,
          1,
          1,
          null,
          null,
          1,
          1,
          1,
          1,
          null,
          null,
          1,
          1,
          1,
          1,
          1,
          null,
          null,
          null
        ]
      },
      "/Users/andrewspeth/turing/1module/projects/night_writer/spec/alphabet_spec.rb": {
        "lines": [
          1,
          null,
          1,
          1,
          1,
          1,
          null,
          null,
          1,
          1,
          1,
          null,
          null,
          null,
          null,
          null,
          null,
          null,
          null,
          null,
          null,
          null,
          null,
          null,
          null,
          null,
          null,
          null,
          null,
          null,
          null,
          null,
          null,
          null,
          null,
          null,
          null,
          null,
          null,
          null
        ]
      }
    },
    "timestamp": 1646774822
  }
}
